[1023/004354.691:ERROR:directory_reader_win.cc(43)] FindFirstFile: 지정된 경로를 찾을 수 없습니다. (0x3)
[1023/034614.188:ERROR:process_info.cc(118)] ReadProcessMemory bool __cdecl crashpad::(anonymous namespace)::ReadStruct(HANDLE, crashpad::WinVMAddress, T *) [T = crashpad::process_types::PEB<crashpad::process_types::internal::Traits64>]: ReadProcessMemory 또는 WriteProcessMemory의 일부 작업만을 마쳤습니다. (0x12B)
[1023/034614.422:ERROR:process_info.cc(551)] ReadProcessData failed
[1023/034614.188:ERROR:process_info.cc(118)] ReadProcessMemory bool __cdecl crashpad::(anonymous namespace)::ReadStruct(HANDLE, crashpad::WinVMAddress, T *) [T = crashpad::process_types::PEB<crashpad::process_types::internal::Traits64>]: ReadProcessMemory 또는 WriteProcessMemory의 일부 작업만을 마쳤습니다. (0x12B)
[1023/034614.188:ERROR:process_info.cc(118)] ReadProcessMemory bool __cdecl crashpad::(anonymous namespace)::ReadStruct(HANDLE, crashpad::WinVMAddress, T *) [T = crashpad::process_types::PEB<crashpad::process_types::internal::Traits64>]: ReadProcessMemory 또는 WriteProcessMemory의 일부 작업만을 마쳤습니다. (0x12B)
[1023/034614.188:ERROR:process_info.cc(118)] ReadProcessMemory bool __cdecl crashpad::(anonymous namespace)::ReadStruct(HANDLE, crashpad::WinVMAddress, T *) [T = crashpad::process_types::PEB<crashpad::process_types::internal::Traits64>]: ReadProcessMemory 또는 WriteProcessMemory의 일부 작업만을 마쳤습니다. (0x12B)
[1023/034614.656:ERROR:process_info.cc(551)] ReadProcessData failed
[1023/034614.188:ERROR:process_info.cc(118)] ReadProcessMemory bool __cdecl crashpad::(anonymous namespace)::ReadStruct(HANDLE, crashpad::WinVMAddress, T *) [T = crashpad::process_types::PEB<crashpad::process_types::internal::Traits64>]: ReadProcessMemory 또는 WriteProcessMemory의 일부 작업만을 마쳤습니다. (0x12B)
[1023/034614.188:ERROR:process_info.cc(118)] ReadProcessMemory bool __cdecl crashpad::(anonymous namespace)::ReadStruct(HANDLE, crashpad::WinVMAddress, T *) [T = crashpad::process_types::PEB<crashpad::process_types::internal::Traits64>]: ReadProcessMemory 또는 WriteProcessMemory의 일부 작업만을 마쳤습니다. (0x12B)
[1023/034614.656:ERROR:process_info.cc(551)] ReadProcessData failed
[1023/034614.656:ERROR:process_info.cc(551)] ReadProcessData failed
[1023/034614.188:ERROR:process_info.cc(118)] ReadProcessMemory bool __cdecl crashpad::(anonymous namespace)::ReadStruct(HANDLE, crashpad::WinVMAddress, T *) [T = crashpad::process_types::PEB<crashpad::process_types::internal::Traits64>]: ReadProcessMemory 또는 WriteProcessMemory의 일부 작업만을 마쳤습니다. (0x12B)
[1023/034614.656:ERROR:process_info.cc(551)] ReadProcessData failed
[1023/034614.656:ERROR:process_info.cc(551)] ReadProcessData failed
[1023/034614.656:ERROR:process_info.cc(551)] ReadProcessData failed
[1023/034614.656:ERROR:scoped_process_suspend.cc(40)] NtResumeProcess: 기존 프로세스에 액세스하려고 했습니다. (0xc000010a)
[1023/034614.250:ERROR:scoped_process_suspend.cc(31)] NtSuspendProcess: 기존 프로세스에 액세스하려고 했습니다. (0xc000010a)
[1023/034614.656:ERROR:scoped_process_suspend.cc(40)] NtResumeProcess: 기존 프로세스에 액세스하려고 했습니다. (0xc000010a)
[1023/034614.250:ERROR:scoped_process_suspend.cc(31)] NtSuspendProcess: 기존 프로세스에 액세스하려고 했습니다. (0xc000010a)
[1023/034614.656:ERROR:scoped_process_suspend.cc(40)] NtResumeProcess: 기존 프로세스에 액세스하려고 했습니다. (0xc000010a)
[1023/034614.656:ERROR:scoped_process_suspend.cc(40)] NtResumeProcess: 기존 프로세스에 액세스하려고 했습니다. (0xc000010a)
[1023/034614.860:ERROR:process_info.cc(118)] ReadProcessMemory bool __cdecl crashpad::(anonymous namespace)::ReadStruct(HANDLE, crashpad::WinVMAddress, T *) [T = crashpad::process_types::PEB<crashpad::process_types::internal::Traits64>]: ReadProcessMemory 또는 WriteProcessMemory의 일부 작업만을 마쳤습니다. (0x12B)
[1023/034614.860:ERROR:process_info.cc(551)] ReadProcessData failed
[1023/034614.860:ERROR:process_info.cc(118)] ReadProcessMemory bool __cdecl crashpad::(anonymous namespace)::ReadStruct(HANDLE, crashpad::WinVMAddress, T *) [T = crashpad::process_types::PEB<crashpad::process_types::internal::Traits64>]: ReadProcessMemory 또는 WriteProcessMemory의 일부 작업만을 마쳤습니다. (0x12B)
[1023/034614.656:ERROR:scoped_process_suspend.cc(40)] NtResumeProcess: 기존 프로세스에 액세스하려고 했습니다. (0xc000010a)
[1023/034614.250:ERROR:scoped_process_suspend.cc(31)] NtSuspendProcess: 기존 프로세스에 액세스하려고 했습니다. (0xc000010a)
[1023/034614.250:ERROR:scoped_process_suspend.cc(31)] NtSuspendProcess: 기존 프로세스에 액세스하려고 했습니다. (0xc000010a)
[1023/034614.422:ERROR:scoped_process_suspend.cc(40)] NtResumeProcess: 기존 프로세스에 액세스하려고 했습니다. (0xc000010a)
[1023/034614.860:ERROR:process_info.cc(551)] ReadProcessData failed
[1023/034614.656:ERROR:scoped_process_suspend.cc(40)] NtResumeProcess: 기존 프로세스에 액세스하려고 했습니다. (0xc000010a)
[1023/034614.860:ERROR:process_info.cc(118)] ReadProcessMemory bool __cdecl crashpad::(anonymous namespace)::ReadStruct(HANDLE, crashpad::WinVMAddress, T *) [T = crashpad::process_types::PEB<crashpad::process_types::internal::Traits64>]: ReadProcessMemory 또는 WriteProcessMemory의 일부 작업만을 마쳤습니다. (0x12B)
[1023/034614.860:ERROR:process_info.cc(551)] ReadProcessData failed
[1023/034614.860:ERROR:process_info.cc(118)] ReadProcessMemory bool __cdecl crashpad::(anonymous namespace)::ReadStruct(HANDLE, crashpad::WinVMAddress, T *) [T = crashpad::process_types::PEB<crashpad::process_types::internal::Traits64>]: ReadProcessMemory 또는 WriteProcessMemory의 일부 작업만을 마쳤습니다. (0x12B)
[1023/034614.875:ERROR:process_info.cc(551)] ReadProcessData failed
